<?xml version="1.0" encoding="UTF-8"?>
<testng-results ignored="0" total="1" passed="1" failed="0" skipped="0">
  <reporter-output>
  </reporter-output>
  <suite started-at="2024-09-19T12:34:54 IST" name="Default suite" finished-at="2024-09-19T12:36:22 IST" duration-ms="87997">
    <groups>
    </groups>
    <test started-at="2024-09-19T12:34:54 IST" name="Default test" finished-at="2024-09-19T12:36:22 IST" duration-ms="87997">
      <class name="WebApp.WebTest">
        <test-method is-config="true" signature="bt()[pri:0, instance:WebApp.WebTest@71075444]" started-at="2024-09-19T12:34:54 IST" name="bt" finished-at="2024-09-19T12:36:10 IST" duration-ms="76465" status="PASS">
          <reporter-output>
          </reporter-output>
        </test-method> <!-- bt -->
        <test-method signature="rs()[pri:0, instance:WebApp.WebTest@71075444]" started-at="2024-09-19T12:36:10 IST" name="rs" finished-at="2024-09-19T12:36:22 IST" duration-ms="11368" status="PASS">
          <reporter-output>
          </reporter-output>
        </test-method> <!-- rs -->
      </class> <!-- WebApp.WebTest -->
    </test> <!-- Default test -->
  </suite> <!-- Default suite -->
</testng-results>
